Using pre-set license
Built from '2020.3/staging' branch; Version is '2020.3.28f1 (f5400f52e03f) revision 16072719'; Using compiler version '192528614'; Build Type 'Release'
OS: 'Windows 10  (10.0.19043) 64bit Core' Language: 'en' Physical Memory: 32697 MB
BatchMode: 1, IsHumanControllingUs: 0, StartBugReporterOnCrash: 0, Is64bit: 1, IsPro: 0

COMMAND LINE ARGUMENTS:
C:\Users\zacha\Documents\Unity\2020.3.28f1\Editor\Unity.exe
-adb2
-batchMode
-noUpm
-name
AssetImportWorker0
-projectPath
C:/Users/zacha/Documents/CPI211_FinalProject/Final Project
-logFile
Logs/AssetImportWorker0.log
-srvPort
65056
Successfully changed project path to: C:/Users/zacha/Documents/CPI211_FinalProject/Final Project
C:/Users/zacha/Documents/CPI211_FinalProject/Final Project
Using Asset Import Pipeline V2.
Refreshing native plugins compatible for Editor in 57.32 ms, found 2 plugins.
Preloading 0 native plugins for Editor in 0.00 ms.
Initialize engine version: 2020.3.28f1 (f5400f52e03f)
[Subsystems] Discovering subsystems at path C:/Users/zacha/Documents/Unity/2020.3.28f1/Editor/Data/Resources/UnitySubsystems
[Subsystems] Discovering subsystems at path C:/Users/zacha/Documents/CPI211_FinalProject/Final Project/Assets
GfxDevice: creating device client; threaded=0
Direct3D:
    Version:  Direct3D 11.0 [level 11.1]
    Renderer: NVIDIA GeForce GTX 1070 (ID=0x1b81)
    Vendor:   
    VRAM:     8088 MB
    Driver:   27.21.14.5671
Initialize mono
Mono path[0] = 'C:/Users/zacha/Documents/Unity/2020.3.28f1/Editor/Data/Managed'
Mono path[1] = 'C:/Users/zacha/Documents/Unity/2020.3.28f1/Editor/Data/MonoBleedingEdge/lib/mono/unityjit'
Mono config path = 'C:/Users/zacha/Documents/Unity/2020.3.28f1/Editor/Data/MonoBleedingEdge/etc'
Using monoOptions --debugger-agent=transport=dt_socket,embedding=1,server=y,suspend=n,address=127.0.0.1:56140
Begin MonoManager ReloadAssembly
Registering precompiled unity dll's ...
Register platform support module: C:/Users/zacha/Documents/Unity/2020.3.28f1/Editor/Data/PlaybackEngines/WindowsStandaloneSupport/UnityEditor.WindowsStandalone.Extensions.dll
Registered in 0.003117 seconds.
Native extension for WindowsStandalone target not found
Refreshing native plugins compatible for Editor in 58.57 ms, found 2 plugins.
Preloading 0 native plugins for Editor in 0.00 ms.
Mono: successfully reloaded assembly
- Completed reload, in  0.750 seconds
Domain Reload Profiling:
	ReloadAssembly (750ms)
		BeginReloadAssembly (84ms)
			ExecutionOrderSort (0ms)
			DisableScriptedObjects (0ms)
			BackupInstance (0ms)
			ReleaseScriptingObjects (0ms)
			CreateAndSetChildDomain (1ms)
		EndReloadAssembly (568ms)
			LoadAssemblies (81ms)
			RebuildTransferFunctionScriptingTraits (0ms)
			SetupTypeCache (183ms)
			ReleaseScriptCaches (0ms)
			RebuildScriptCaches (37ms)
			SetupLoadedEditorAssemblies (218ms)
				LogAssemblyErrors (0ms)
				InitializePlatformSupportModulesInManaged (5ms)
				SetLoadedEditorAssemblies (0ms)
				RefreshPlugins (59ms)
				BeforeProcessingInitializeOnLoad (11ms)
				ProcessInitializeOnLoadAttributes (105ms)
				ProcessInitializeOnLoadMethodAttributes (38ms)
				AfterProcessingInitializeOnLoad (0ms)
				EditorAssembliesLoaded (0ms)
			ExecutionOrderSort2 (0ms)
			AwakeInstancesAfterBackupRestoration (0ms)
Platform modules already initialized, skipping
Registering precompiled user dll's ...
Registered in 0.007317 seconds.
Begin MonoManager ReloadAssembly
Native extension for WindowsStandalone target not found
Refreshing native plugins compatible for Editor in 0.62 ms, found 2 plugins.
Preloading 0 native plugins for Editor in 0.00 ms.
Mono: successfully reloaded assembly
- Completed reload, in  1.272 seconds
Domain Reload Profiling:
	ReloadAssembly (1273ms)
		BeginReloadAssembly (197ms)
			ExecutionOrderSort (0ms)
			DisableScriptedObjects (6ms)
			BackupInstance (0ms)
			ReleaseScriptingObjects (0ms)
			CreateAndSetChildDomain (23ms)
		EndReloadAssembly (989ms)
			LoadAssemblies (122ms)
			RebuildTransferFunctionScriptingTraits (0ms)
			SetupTypeCache (347ms)
			ReleaseScriptCaches (1ms)
			RebuildScriptCaches (51ms)
			SetupLoadedEditorAssemblies (361ms)
				LogAssemblyErrors (0ms)
				InitializePlatformSupportModulesInManaged (6ms)
				SetLoadedEditorAssemblies (1ms)
				RefreshPlugins (1ms)
				BeforeProcessingInitializeOnLoad (75ms)
				ProcessInitializeOnLoadAttributes (257ms)
				ProcessInitializeOnLoadMethodAttributes (12ms)
				AfterProcessingInitializeOnLoad (11ms)
				EditorAssembliesLoaded (0ms)
			ExecutionOrderSort2 (0ms)
			AwakeInstancesAfterBackupRestoration (9ms)
Platform modules already initialized, skipping
========================================================================
Worker process is ready to serve import requests
Launched and connected shader compiler UnityShaderCompiler.exe after 0.06 seconds
Refreshing native plugins compatible for Editor in 0.62 ms, found 2 plugins.
Preloading 0 native plugins for Editor in 0.00 ms.
Unloading 1544 Unused Serialized files (Serialized files now loaded: 0)
System memory in use before: 143.4 MB.
System memory in use after: 143.5 MB.

Unloading 19 unused Assets to reduce memory usage. Loaded Objects now: 1988.
Total: 3.509000 ms (FindLiveObjects: 0.169400 ms CreateObjectMapping: 0.052200 ms MarkObjects: 3.202200 ms  DeleteObjects: 0.082700 ms)

AssetImportParameters requested are different than current active one (requested -> active):
  custom:framework-win-MediaFoundation: 216162199b28c13a410421893ffa2e32 -> 
  custom:video-decoder-ogg-theora: a1e56fd34408186e4bbccfd4996cb3dc -> 
  custom:container-muxer-webm: aa71ff27fc2769a1b78a27578f13a17b -> 
  custom:container-demuxer-webm: 4f35f7cbe854078d1ac9338744f61a02 -> 
  custom:container-demuxer-ogg: 62fdf1f143b41e24485cea50d1cbac27 -> 
  custom:video-encoder-webm-vp8: eb34c28f22e8b96e1ab97ce403110664 -> 
  custom:video-codec-MediaFoundation-h265: 746d11721c4dcdbdad8f713fa42b33f4 -> 
  custom:video-decoder-webm-vp8: 9c59270c3fd7afecdb556c50c9e8de78 -> 
  custom:audio-decoder-ogg-vorbis: bf7c407c2cedff20999df2af8eb42d56 -> 
  custom:audio-encoder-webm-vorbis: bf7c407c2cedff20999df2af8eb42d56 -> 
========================================================================
Received Import Request.
  path: Assets/Sounds/CPI 211 FP Worm Mage Damaged.mp3
  artifactKey: Guid(9cbbc95152e3bc24497850a37322a8ac) Importer(815301076,1909f56bfc062723c751e8b465ee728b)
Start importing Assets/Sounds/CPI 211 FP Worm Mage Damaged.mp3 using Guid(9cbbc95152e3bc24497850a37322a8ac) Importer(815301076,1909f56bfc062723c751e8b465ee728b)  -> (artifact id: '3981dc225cd77003f1460a54230613d5') in 0.187992 seconds 
  Import took 0.191143 seconds .

========================================================================
Received Import Request.
  Time since last request: 0.000251 seconds.
  path: Assets/Sounds/CPI 211 FP Normal Skele Death.mp3
  artifactKey: Guid(baf7e29cd6ea26d44b41a35f1c9d27f9) Importer(815301076,1909f56bfc062723c751e8b465ee728b)
Start importing Assets/Sounds/CPI 211 FP Normal Skele Death.mp3 using Guid(baf7e29cd6ea26d44b41a35f1c9d27f9) Importer(815301076,1909f56bfc062723c751e8b465ee728b)  -> (artifact id: 'e4b2b437b9fdf395084e9886b31e92ef') in 0.017206 seconds 
  Import took 0.020424 seconds .

========================================================================
Received Import Request.
  Time since last request: 0.000224 seconds.
  path: Assets/Sounds/CPI 211 FP Shotgun Fire.mp3
  artifactKey: Guid(cd43c67500ce33d4bab606bc6e770e52) Importer(815301076,1909f56bfc062723c751e8b465ee728b)
Start importing Assets/Sounds/CPI 211 FP Shotgun Fire.mp3 using Guid(cd43c67500ce33d4bab606bc6e770e52) Importer(815301076,1909f56bfc062723c751e8b465ee728b)  -> (artifact id: '91ba032a1a3ce26deda3b65312a73089') in 0.013794 seconds 
  Import took 0.016897 seconds .

========================================================================
Received Import Request.
  Time since last request: 0.000186 seconds.
  path: Assets/Sounds/CPI 211 FP Skele Mage Movement.mp3
  artifactKey: Guid(842662cb418934648a54e7bbab9ebe54) Importer(815301076,1909f56bfc062723c751e8b465ee728b)
Start importing Assets/Sounds/CPI 211 FP Skele Mage Movement.mp3 using Guid(842662cb418934648a54e7bbab9ebe54) Importer(815301076,1909f56bfc062723c751e8b465ee728b)  -> (artifact id: 'a87a3f27ef978dca5eb0d2e04601af19') in 0.014269 seconds 
  Import took 0.017084 seconds .

========================================================================
Received Import Request.
  Time since last request: 0.000188 seconds.
  path: Assets/Sounds/CPI 211 FP Normal Skele Movement.mp3
  artifactKey: Guid(84280a032430c6043b65b9d208ad78d9) Importer(815301076,1909f56bfc062723c751e8b465ee728b)
Start importing Assets/Sounds/CPI 211 FP Normal Skele Movement.mp3 using Guid(84280a032430c6043b65b9d208ad78d9) Importer(815301076,1909f56bfc062723c751e8b465ee728b)  -> (artifact id: 'dd7153727954a9f55187397c581b9e75') in 0.014472 seconds 
  Import took 0.017265 seconds .

========================================================================
Received Import Request.
  Time since last request: 0.000213 seconds.
  path: Assets/Sounds/CPI 211 FP Normal Skele Attack.mp3
  artifactKey: Guid(8a8fc522554ea3e4ca02a37f33f8e12f) Importer(815301076,1909f56bfc062723c751e8b465ee728b)
Start importing Assets/Sounds/CPI 211 FP Normal Skele Attack.mp3 using Guid(8a8fc522554ea3e4ca02a37f33f8e12f) Importer(815301076,1909f56bfc062723c751e8b465ee728b)  -> (artifact id: '4201b5a6d40cdf52568637794e5e810c') in 0.013405 seconds 
  Import took 0.016611 seconds .

========================================================================
Received Import Request.
  Time since last request: 0.000252 seconds.
  path: Assets/Sounds/CPI 211 FP Spider Movement.mp3
  artifactKey: Guid(c03661b5e8872e545b985e64a94bd4a8) Importer(815301076,1909f56bfc062723c751e8b465ee728b)
Start importing Assets/Sounds/CPI 211 FP Spider Movement.mp3 using Guid(c03661b5e8872e545b985e64a94bd4a8) Importer(815301076,1909f56bfc062723c751e8b465ee728b)  -> (artifact id: 'f3c4ac10ee62fde423a2ca43c0d78640') in 0.015013 seconds 
  Import took 0.017872 seconds .

========================================================================
Received Import Request.
  Time since last request: 0.000209 seconds.
  path: Assets/Sounds/CPI 211 FP Main Menu Music.mp3
  artifactKey: Guid(3dcbda32480a0cf4b948aae461249a91) Importer(815301076,1909f56bfc062723c751e8b465ee728b)
Start importing Assets/Sounds/CPI 211 FP Main Menu Music.mp3 using Guid(3dcbda32480a0cf4b948aae461249a91) Importer(815301076,1909f56bfc062723c751e8b465ee728b)  -> (artifact id: '68138ba34a97d24936e250b4df9af0a0') in 0.014388 seconds 
  Import took 0.017281 seconds .

========================================================================
Received Import Request.
  Time since last request: 0.000313 seconds.
  path: Assets/Sounds/CPI 211 FP Worm Mage Attack.mp3
  artifactKey: Guid(529e60b49e34a124ab3d82efaebab15a) Importer(815301076,1909f56bfc062723c751e8b465ee728b)
Start importing Assets/Sounds/CPI 211 FP Worm Mage Attack.mp3 using Guid(529e60b49e34a124ab3d82efaebab15a) Importer(815301076,1909f56bfc062723c751e8b465ee728b)  -> (artifact id: 'b02ee8b1297a3e382c773035811fabce') in 0.014011 seconds 
  Import took 0.017465 seconds .

========================================================================
Received Import Request.
  Time since last request: 0.000217 seconds.
  path: Assets/Sounds/CPI 211 FP Skele Mage Death.mp3
  artifactKey: Guid(ea3d522e7eb4f9d4daecc79adc61261f) Importer(815301076,1909f56bfc062723c751e8b465ee728b)
Start importing Assets/Sounds/CPI 211 FP Skele Mage Death.mp3 using Guid(ea3d522e7eb4f9d4daecc79adc61261f) Importer(815301076,1909f56bfc062723c751e8b465ee728b)  -> (artifact id: '5a8cbe99cd0bda753b67ddfe3af9ab2a') in 0.014964 seconds 
  Import took 0.017934 seconds .

========================================================================
Received Import Request.
  Time since last request: 0.000238 seconds.
  path: Assets/Sounds/CPI 211 FP Player Death.mp3
  artifactKey: Guid(677a715d61d14744b97c780fec9fbf4f) Importer(815301076,1909f56bfc062723c751e8b465ee728b)
Start importing Assets/Sounds/CPI 211 FP Player Death.mp3 using Guid(677a715d61d14744b97c780fec9fbf4f) Importer(815301076,1909f56bfc062723c751e8b465ee728b)  -> (artifact id: 'b170956e6d2861893a8bafb9505fa9cc') in 0.015620 seconds 
  Import took 0.018654 seconds .

========================================================================
Received Import Request.
  Time since last request: 0.000270 seconds.
  path: Assets/Sounds/CPI 211 FP Normal Skele Damage.mp3
  artifactKey: Guid(e77235c19ca5f914a9491ebcb9a96c33) Importer(815301076,1909f56bfc062723c751e8b465ee728b)
Start importing Assets/Sounds/CPI 211 FP Normal Skele Damage.mp3 using Guid(e77235c19ca5f914a9491ebcb9a96c33) Importer(815301076,1909f56bfc062723c751e8b465ee728b)  -> (artifact id: '0c3a1909570bec54e211adca69e4b862') in 0.014595 seconds 
  Import took 0.017741 seconds .

========================================================================
Received Import Request.
  Time since last request: 0.000240 seconds.
  path: Assets/Sounds/CPI 211 FP Shotgun Reloading.mp3
  artifactKey: Guid(34982d8582354804cb787bbd41c2d378) Importer(815301076,1909f56bfc062723c751e8b465ee728b)
Start importing Assets/Sounds/CPI 211 FP Shotgun Reloading.mp3 using Guid(34982d8582354804cb787bbd41c2d378) Importer(815301076,1909f56bfc062723c751e8b465ee728b)  -> (artifact id: '8e6faa7ab605fc24132a29f42359626c') in 0.014257 seconds 
  Import took 0.017335 seconds .

========================================================================
Received Import Request.
  Time since last request: 0.000197 seconds.
  path: Assets/Sounds/CPI 211 FP Sniper Fire.mp3
  artifactKey: Guid(be58c79f7e2c0f7419c59a4b75bc1688) Importer(815301076,1909f56bfc062723c751e8b465ee728b)
Start importing Assets/Sounds/CPI 211 FP Sniper Fire.mp3 using Guid(be58c79f7e2c0f7419c59a4b75bc1688) Importer(815301076,1909f56bfc062723c751e8b465ee728b)  -> (artifact id: '000dd8cae8130753365c9b740c76471b') in 0.015681 seconds 
  Import took 0.018524 seconds .

========================================================================
Received Import Request.
  Time since last request: 0.000251 seconds.
  path: Assets/Sounds/CPI 211 FP Worm Mage Death.mp3
  artifactKey: Guid(f660724bd01378c4e86b1700291d0326) Importer(815301076,1909f56bfc062723c751e8b465ee728b)
Start importing Assets/Sounds/CPI 211 FP Worm Mage Death.mp3 using Guid(f660724bd01378c4e86b1700291d0326) Importer(815301076,1909f56bfc062723c751e8b465ee728b)  -> (artifact id: '5913878f3d4e878f451bdc1087b8f952') in 0.015297 seconds 
  Import took 0.018502 seconds .

========================================================================
Received Import Request.
  Time since last request: 0.000222 seconds.
  path: Assets/Sounds/CPI 211 FP Battle Music.mp3
  artifactKey: Guid(6ae07d9c14160454a91bad2b6b39f59b) Importer(815301076,1909f56bfc062723c751e8b465ee728b)
Start importing Assets/Sounds/CPI 211 FP Battle Music.mp3 using Guid(6ae07d9c14160454a91bad2b6b39f59b) Importer(815301076,1909f56bfc062723c751e8b465ee728b)  -> (artifact id: '4c5345c040888914e44dae23c0795499') in 0.014145 seconds 
  Import took 0.017188 seconds .

========================================================================
Received Import Request.
  Time since last request: 0.000267 seconds.
  path: Assets/Sounds/CPI 211 FP Sniper Reload.mp3
  artifactKey: Guid(652af802a9c959646b76419213b14eb5) Importer(815301076,1909f56bfc062723c751e8b465ee728b)
Start importing Assets/Sounds/CPI 211 FP Sniper Reload.mp3 using Guid(652af802a9c959646b76419213b14eb5) Importer(815301076,1909f56bfc062723c751e8b465ee728b)  -> (artifact id: 'a7487cb1cee55e6477ad6ad2e5760fb0') in 0.015051 seconds 
  Import took 0.018383 seconds .

========================================================================
Received Import Request.
  Time since last request: 0.000228 seconds.
  path: Assets/Sounds/CPI 211 FP Skele Mage Attack.mp3
  artifactKey: Guid(9c5bd0892c0fb344b8e7f301018d76bc) Importer(815301076,1909f56bfc062723c751e8b465ee728b)
Start importing Assets/Sounds/CPI 211 FP Skele Mage Attack.mp3 using Guid(9c5bd0892c0fb344b8e7f301018d76bc) Importer(815301076,1909f56bfc062723c751e8b465ee728b)  -> (artifact id: 'c4a61322b10835cd277e5b0fd8fb9004') in 0.014535 seconds 
  Import took 0.018141 seconds .

========================================================================
Received Import Request.
  Time since last request: 0.000251 seconds.
  path: Assets/Sounds/(Alt 1) Luigi's Mansion Key Sound.mp3
  artifactKey: Guid(57135f9fa6cb05f46a58ec390442d78b) Importer(815301076,1909f56bfc062723c751e8b465ee728b)
Start importing Assets/Sounds/(Alt 1) Luigi's Mansion Key Sound.mp3 using Guid(57135f9fa6cb05f46a58ec390442d78b) Importer(815301076,1909f56bfc062723c751e8b465ee728b)  -> (artifact id: '8f63affbabe4e9745c08be892cc7b9e3') in 0.014943 seconds 
  Import took 0.017781 seconds .

========================================================================
Received Import Request.
  Time since last request: 0.000185 seconds.
  path: Assets/Sounds/CPI 211 FP Door Open.mp3
  artifactKey: Guid(fdcfe487b12ee1844964fca4484dbd5b) Importer(815301076,1909f56bfc062723c751e8b465ee728b)
Start importing Assets/Sounds/CPI 211 FP Door Open.mp3 using Guid(fdcfe487b12ee1844964fca4484dbd5b) Importer(815301076,1909f56bfc062723c751e8b465ee728b)  -> (artifact id: '19e840db54f6e008db4d89ab25e7911d') in 0.014632 seconds 
  Import took 0.017455 seconds .

========================================================================
Received Import Request.
  Time since last request: 0.000205 seconds.
  path: Assets/Sounds/CPI 211 FP Player Steps.mp3
  artifactKey: Guid(15d5b460632b86140903424a10fb6244) Importer(815301076,1909f56bfc062723c751e8b465ee728b)
Start importing Assets/Sounds/CPI 211 FP Player Steps.mp3 using Guid(15d5b460632b86140903424a10fb6244) Importer(815301076,1909f56bfc062723c751e8b465ee728b)  -> (artifact id: 'da641647e47baf3fa4f8dc1f4ef2fe06') in 0.014271 seconds 
  Import took 0.017151 seconds .

========================================================================
Received Import Request.
  Time since last request: 0.000200 seconds.
  path: Assets/Sounds/CPI 211 FP AR Fire.mp3
  artifactKey: Guid(c1bda26e204be3d46be78da9b4f72423) Importer(815301076,1909f56bfc062723c751e8b465ee728b)
Start importing Assets/Sounds/CPI 211 FP AR Fire.mp3 using Guid(c1bda26e204be3d46be78da9b4f72423) Importer(815301076,1909f56bfc062723c751e8b465ee728b)  -> (artifact id: 'efe333c80f9a46259940537aef97721c') in 0.013918 seconds 
  Import took 0.017148 seconds .

========================================================================
Received Import Request.
  Time since last request: 0.000227 seconds.
  path: Assets/Sounds/CPI 211 FP AR Reload.mp3
  artifactKey: Guid(8a0afc2eec44a9a46b831c28124ab853) Importer(815301076,1909f56bfc062723c751e8b465ee728b)
Start importing Assets/Sounds/CPI 211 FP AR Reload.mp3 using Guid(8a0afc2eec44a9a46b831c28124ab853) Importer(815301076,1909f56bfc062723c751e8b465ee728b)  -> (artifact id: '0c407179ece5a9f5fdea5df6e2733177') in 0.014637 seconds 
  Import took 0.017851 seconds .

========================================================================
Received Import Request.
  Time since last request: 0.000199 seconds.
  path: Assets/Sounds/CPI 211 FP Spider Death.mp3
  artifactKey: Guid(e5d2c229fc09eba4baa45b7731b3228a) Importer(815301076,1909f56bfc062723c751e8b465ee728b)
Start importing Assets/Sounds/CPI 211 FP Spider Death.mp3 using Guid(e5d2c229fc09eba4baa45b7731b3228a) Importer(815301076,1909f56bfc062723c751e8b465ee728b)  -> (artifact id: 'dd33045e43c8cbe5e98eecf816c0568e') in 0.014899 seconds 
  Import took 0.017794 seconds .

========================================================================
Received Import Request.
  Time since last request: 0.000225 seconds.
  path: Assets/Sounds/CPI 211 FP Chest Open.mp3
  artifactKey: Guid(a902e4863c6be2a43a430f207d8582cf) Importer(815301076,1909f56bfc062723c751e8b465ee728b)
Start importing Assets/Sounds/CPI 211 FP Chest Open.mp3 using Guid(a902e4863c6be2a43a430f207d8582cf) Importer(815301076,1909f56bfc062723c751e8b465ee728b)  -> (artifact id: '89fa43809db9f817d96bdde07bbe322b') in 0.014991 seconds 
  Import took 0.018145 seconds .

========================================================================
Received Import Request.
  Time since last request: 0.000187 seconds.
  path: Assets/Sounds/CPI 211 FP Player Damaged.mp3
  artifactKey: Guid(0630e3fbe52b6e34d88490a0a3cb5ba6) Importer(815301076,1909f56bfc062723c751e8b465ee728b)
Start importing Assets/Sounds/CPI 211 FP Player Damaged.mp3 using Guid(0630e3fbe52b6e34d88490a0a3cb5ba6) Importer(815301076,1909f56bfc062723c751e8b465ee728b)  -> (artifact id: 'f5ea695220aa22d6b346e45279f56777') in 0.014204 seconds 
  Import took 0.017393 seconds .

========================================================================
Received Import Request.
  Time since last request: 0.000197 seconds.
  path: Assets/Sounds/CPI 211 FP Shotgun Reload Finish.mp3
  artifactKey: Guid(0277bddbee1cf224594855d01cf3ba30) Importer(815301076,1909f56bfc062723c751e8b465ee728b)
Start importing Assets/Sounds/CPI 211 FP Shotgun Reload Finish.mp3 using Guid(0277bddbee1cf224594855d01cf3ba30) Importer(815301076,1909f56bfc062723c751e8b465ee728b)  -> (artifact id: '4acecc74bcc4cd61a6bbf7c18ca7733d') in 0.014720 seconds 
  Import took 0.017804 seconds .

========================================================================
Received Import Request.
  Time since last request: 0.000260 seconds.
  path: Assets/Sounds/CPI 211 FP Door Close.mp3
  artifactKey: Guid(58dba7aa901f1ce48a9063183d26a3dc) Importer(815301076,1909f56bfc062723c751e8b465ee728b)
Start importing Assets/Sounds/CPI 211 FP Door Close.mp3 using Guid(58dba7aa901f1ce48a9063183d26a3dc) Importer(815301076,1909f56bfc062723c751e8b465ee728b)  -> (artifact id: '726b203a5cc83e9295c0a17292724fb6') in 0.014546 seconds 
  Import took 0.017611 seconds .

========================================================================
Received Import Request.
  Time since last request: 0.000191 seconds.
  path: Assets/Sounds
  artifactKey: Guid(c8cd34263f9263642b49d7b064b22ffd) Importer(815301076,1909f56bfc062723c751e8b465ee728b)
Start importing Assets/Sounds using Guid(c8cd34263f9263642b49d7b064b22ffd) Importer(815301076,1909f56bfc062723c751e8b465ee728b)  -> (artifact id: '7af7db1a86ba80cc83a756a9d4910a03') in 0.007822 seconds 
  Import took 0.010591 seconds .

========================================================================
Received Import Request.
  Time since last request: 0.000216 seconds.
  path: Assets/Sounds/CPI 211 FP Gold Pickup.mp3
  artifactKey: Guid(4250c013f9c5b06468b1a4348492be62) Importer(815301076,1909f56bfc062723c751e8b465ee728b)
Start importing Assets/Sounds/CPI 211 FP Gold Pickup.mp3 using Guid(4250c013f9c5b06468b1a4348492be62) Importer(815301076,1909f56bfc062723c751e8b465ee728b)  -> (artifact id: '26e50f4525bcc399ad50c7131bb41420') in 0.015077 seconds 
  Import took 0.018074 seconds .

========================================================================
Received Prepare
Registering precompiled user dll's ...
Registered in 0.007315 seconds.
Begin MonoManager ReloadAssembly
Native extension for WindowsStandalone target not found
Refreshing native plugins compatible for Editor in 0.64 ms, found 2 plugins.
Preloading 0 native plugins for Editor in 0.00 ms.
Mono: successfully reloaded assembly
- Completed reload, in  1.184 seconds
Domain Reload Profiling:
	ReloadAssembly (1184ms)
		BeginReloadAssembly (139ms)
			ExecutionOrderSort (0ms)
			DisableScriptedObjects (5ms)
			BackupInstance (0ms)
			ReleaseScriptingObjects (0ms)
			CreateAndSetChildDomain (36ms)
		EndReloadAssembly (961ms)
			LoadAssemblies (118ms)
			RebuildTransferFunctionScriptingTraits (0ms)
			SetupTypeCache (346ms)
			ReleaseScriptCaches (1ms)
			RebuildScriptCaches (44ms)
			SetupLoadedEditorAssemblies (343ms)
				LogAssemblyErrors (0ms)
				InitializePlatformSupportModulesInManaged (5ms)
				SetLoadedEditorAssemblies (1ms)
				RefreshPlugins (1ms)
				BeforeProcessingInitializeOnLoad (67ms)
				ProcessInitializeOnLoadAttributes (245ms)
				ProcessInitializeOnLoadMethodAttributes (12ms)
				AfterProcessingInitializeOnLoad (11ms)
				EditorAssembliesLoaded (0ms)
			ExecutionOrderSort2 (0ms)
			AwakeInstancesAfterBackupRestoration (9ms)
Platform modules already initialized, skipping
Refreshing native plugins compatible for Editor in 0.62 ms, found 2 plugins.
Preloading 0 native plugins for Editor in 0.00 ms.
Unloading 1537 Unused Serialized files (Serialized files now loaded: 0)
System memory in use before: 146.3 MB.
System memory in use after: 146.4 MB.

Unloading 14 unused Assets to reduce memory usage. Loaded Objects now: 1999.
Total: 3.250100 ms (FindLiveObjects: 0.174400 ms CreateObjectMapping: 0.051400 ms MarkObjects: 3.003500 ms  DeleteObjects: 0.019800 ms)

AssetImportParameters requested are different than current active one (requested -> active):
  custom:framework-win-MediaFoundation: 216162199b28c13a410421893ffa2e32 -> 
  custom:video-decoder-ogg-theora: a1e56fd34408186e4bbccfd4996cb3dc -> 
  custom:container-muxer-webm: aa71ff27fc2769a1b78a27578f13a17b -> 
  custom:container-demuxer-webm: 4f35f7cbe854078d1ac9338744f61a02 -> 
  custom:container-demuxer-ogg: 62fdf1f143b41e24485cea50d1cbac27 -> 
  custom:video-encoder-webm-vp8: eb34c28f22e8b96e1ab97ce403110664 -> 
  custom:video-codec-MediaFoundation-h265: 746d11721c4dcdbdad8f713fa42b33f4 -> 
  custom:video-decoder-webm-vp8: 9c59270c3fd7afecdb556c50c9e8de78 -> 
  custom:audio-decoder-ogg-vorbis: bf7c407c2cedff20999df2af8eb42d56 -> 
  custom:audio-encoder-webm-vorbis: bf7c407c2cedff20999df2af8eb42d56 -> 
========================================================================
Received Import Request.
  Time since last request: 126.890117 seconds.
  path: Assets/Prefab/Door_Basement_Right.prefab
  artifactKey: Guid(e84a65b6f26ee714bbd2553ffec3932a) Importer(815301076,1909f56bfc062723c751e8b465ee728b)
Start importing Assets/Prefab/Door_Basement_Right.prefab using Guid(e84a65b6f26ee714bbd2553ffec3932a) Importer(815301076,1909f56bfc062723c751e8b465ee728b)  -> (artifact id: 'a249d8f975619bf2db24c7587c290bcb') in 0.087558 seconds 
  Import took 0.090975 seconds .

========================================================================
Received Import Request.
  Time since last request: 64.839941 seconds.
  path: Assets/Animation/Door
  artifactKey: Guid(ec262a55d25ca9f44aa4ff01991d12d1) Importer(815301076,1909f56bfc062723c751e8b465ee728b)
Start importing Assets/Animation/Door using Guid(ec262a55d25ca9f44aa4ff01991d12d1) Importer(815301076,1909f56bfc062723c751e8b465ee728b)  -> (artifact id: '54064f06f4da221c9b918d11040f5dad') in 0.008391 seconds 
  Import took 0.011382 seconds .

========================================================================
Received Prepare
Registering precompiled user dll's ...
Registered in 0.006573 seconds.
Begin MonoManager ReloadAssembly
Native extension for WindowsStandalone target not found
Refreshing native plugins compatible for Editor in 0.62 ms, found 2 plugins.
Preloading 0 native plugins for Editor in 0.00 ms.
Mono: successfully reloaded assembly
- Completed reload, in  1.167 seconds
Domain Reload Profiling:
	ReloadAssembly (1168ms)
		BeginReloadAssembly (138ms)
			ExecutionOrderSort (0ms)
			DisableScriptedObjects (6ms)
			BackupInstance (0ms)
			ReleaseScriptingObjects (0ms)
			CreateAndSetChildDomain (36ms)
		EndReloadAssembly (947ms)
			LoadAssemblies (122ms)
			RebuildTransferFunctionScriptingTraits (0ms)
			SetupTypeCache (332ms)
			ReleaseScriptCaches (1ms)
			RebuildScriptCaches (51ms)
			SetupLoadedEditorAssemblies (335ms)
				LogAssemblyErrors (0ms)
				InitializePlatformSupportModulesInManaged (5ms)
				SetLoadedEditorAssemblies (1ms)
				RefreshPlugins (1ms)
				BeforeProcessingInitializeOnLoad (66ms)
				ProcessInitializeOnLoadAttributes (239ms)
				ProcessInitializeOnLoadMethodAttributes (11ms)
				AfterProcessingInitializeOnLoad (11ms)
				EditorAssembliesLoaded (0ms)
			ExecutionOrderSort2 (0ms)
			AwakeInstancesAfterBackupRestoration (8ms)
Platform modules already initialized, skipping
Refreshing native plugins compatible for Editor in 0.69 ms, found 2 plugins.
Preloading 0 native plugins for Editor in 0.00 ms.
Unloading 1537 Unused Serialized files (Serialized files now loaded: 0)
System memory in use before: 146.4 MB.
System memory in use after: 146.5 MB.

Unloading 14 unused Assets to reduce memory usage. Loaded Objects now: 2002.
Total: 3.500500 ms (FindLiveObjects: 0.171800 ms CreateObjectMapping: 0.045400 ms MarkObjects: 3.255700 ms  DeleteObjects: 0.026400 ms)

AssetImportParameters requested are different than current active one (requested -> active):
  custom:framework-win-MediaFoundation: 216162199b28c13a410421893ffa2e32 -> 
  custom:video-decoder-ogg-theora: a1e56fd34408186e4bbccfd4996cb3dc -> 
  custom:container-muxer-webm: aa71ff27fc2769a1b78a27578f13a17b -> 
  custom:container-demuxer-webm: 4f35f7cbe854078d1ac9338744f61a02 -> 
  custom:container-demuxer-ogg: 62fdf1f143b41e24485cea50d1cbac27 -> 
  custom:video-encoder-webm-vp8: eb34c28f22e8b96e1ab97ce403110664 -> 
  custom:video-codec-MediaFoundation-h265: 746d11721c4dcdbdad8f713fa42b33f4 -> 
  custom:video-decoder-webm-vp8: 9c59270c3fd7afecdb556c50c9e8de78 -> 
  custom:audio-decoder-ogg-vorbis: bf7c407c2cedff20999df2af8eb42d56 -> 
  custom:audio-encoder-webm-vorbis: bf7c407c2cedff20999df2af8eb42d56 -> 
========================================================================
Received Prepare
Registering precompiled user dll's ...
Registered in 0.006733 seconds.
Begin MonoManager ReloadAssembly
Native extension for WindowsStandalone target not found
Refreshing native plugins compatible for Editor in 0.62 ms, found 2 plugins.
Preloading 0 native plugins for Editor in 0.00 ms.
Mono: successfully reloaded assembly
- Completed reload, in  1.202 seconds
Domain Reload Profiling:
	ReloadAssembly (1203ms)
		BeginReloadAssembly (137ms)
			ExecutionOrderSort (0ms)
			DisableScriptedObjects (6ms)
			BackupInstance (0ms)
			ReleaseScriptingObjects (0ms)
			CreateAndSetChildDomain (34ms)
		EndReloadAssembly (981ms)
			LoadAssemblies (119ms)
			RebuildTransferFunctionScriptingTraits (0ms)
			SetupTypeCache (341ms)
			ReleaseScriptCaches (1ms)
			RebuildScriptCaches (45ms)
			SetupLoadedEditorAssemblies (360ms)
				LogAssemblyErrors (0ms)
				InitializePlatformSupportModulesInManaged (6ms)
				SetLoadedEditorAssemblies (1ms)
				RefreshPlugins (1ms)
				BeforeProcessingInitializeOnLoad (68ms)
				ProcessInitializeOnLoadAttributes (261ms)
				ProcessInitializeOnLoadMethodAttributes (12ms)
				AfterProcessingInitializeOnLoad (12ms)
				EditorAssembliesLoaded (0ms)
			ExecutionOrderSort2 (0ms)
			AwakeInstancesAfterBackupRestoration (9ms)
Platform modules already initialized, skipping
Refreshing native plugins compatible for Editor in 0.63 ms, found 2 plugins.
Preloading 0 native plugins for Editor in 0.00 ms.
Unloading 1537 Unused Serialized files (Serialized files now loaded: 0)
System memory in use before: 146.4 MB.
System memory in use after: 146.5 MB.

Unloading 14 unused Assets to reduce memory usage. Loaded Objects now: 2004.
Total: 3.447200 ms (FindLiveObjects: 0.174400 ms CreateObjectMapping: 0.044500 ms MarkObjects: 3.202300 ms  DeleteObjects: 0.024900 ms)

AssetImportParameters requested are different than current active one (requested -> active):
  custom:framework-win-MediaFoundation: 216162199b28c13a410421893ffa2e32 -> 
  custom:video-decoder-ogg-theora: a1e56fd34408186e4bbccfd4996cb3dc -> 
  custom:container-muxer-webm: aa71ff27fc2769a1b78a27578f13a17b -> 
  custom:container-demuxer-webm: 4f35f7cbe854078d1ac9338744f61a02 -> 
  custom:container-demuxer-ogg: 62fdf1f143b41e24485cea50d1cbac27 -> 
  custom:video-encoder-webm-vp8: eb34c28f22e8b96e1ab97ce403110664 -> 
  custom:video-codec-MediaFoundation-h265: 746d11721c4dcdbdad8f713fa42b33f4 -> 
  custom:video-decoder-webm-vp8: 9c59270c3fd7afecdb556c50c9e8de78 -> 
  custom:audio-decoder-ogg-vorbis: bf7c407c2cedff20999df2af8eb42d56 -> 
  custom:audio-encoder-webm-vorbis: bf7c407c2cedff20999df2af8eb42d56 -> 
========================================================================
Received Import Request.
  Time since last request: 246.457099 seconds.
  path: Assets/Prefab/Door_Basement_Right.prefab
  artifactKey: Guid(e84a65b6f26ee714bbd2553ffec3932a) Importer(815301076,1909f56bfc062723c751e8b465ee728b)
Start importing Assets/Prefab/Door_Basement_Right.prefab using Guid(e84a65b6f26ee714bbd2553ffec3932a) Importer(815301076,1909f56bfc062723c751e8b465ee728b)  -> (artifact id: '97b24e28ca7e5ab3d449d6300ec14d6e') in 0.079828 seconds 
  Import took 0.083657 seconds .

========================================================================
Received Prepare
Registering precompiled user dll's ...
Registered in 0.006771 seconds.
Begin MonoManager ReloadAssembly
Native extension for WindowsStandalone target not found
Refreshing native plugins compatible for Editor in 0.63 ms, found 2 plugins.
Preloading 0 native plugins for Editor in 0.00 ms.
Mono: successfully reloaded assembly
- Completed reload, in  1.176 seconds
Domain Reload Profiling:
	ReloadAssembly (1177ms)
		BeginReloadAssembly (139ms)
			ExecutionOrderSort (0ms)
			DisableScriptedObjects (5ms)
			BackupInstance (0ms)
			ReleaseScriptingObjects (0ms)
			CreateAndSetChildDomain (36ms)
		EndReloadAssembly (945ms)
			LoadAssemblies (121ms)
			RebuildTransferFunctionScriptingTraits (0ms)
			SetupTypeCache (341ms)
			ReleaseScriptCaches (1ms)
			RebuildScriptCaches (45ms)
			SetupLoadedEditorAssemblies (333ms)
				LogAssemblyErrors (0ms)
				InitializePlatformSupportModulesInManaged (5ms)
				SetLoadedEditorAssemblies (1ms)
				RefreshPlugins (1ms)
				BeforeProcessingInitializeOnLoad (66ms)
				ProcessInitializeOnLoadAttributes (237ms)
				ProcessInitializeOnLoadMethodAttributes (11ms)
				AfterProcessingInitializeOnLoad (11ms)
				EditorAssembliesLoaded (0ms)
			ExecutionOrderSort2 (0ms)
			AwakeInstancesAfterBackupRestoration (9ms)
Platform modules already initialized, skipping
Refreshing native plugins compatible for Editor in 0.62 ms, found 2 plugins.
Preloading 0 native plugins for Editor in 0.00 ms.
Unloading 1537 Unused Serialized files (Serialized files now loaded: 0)
System memory in use before: 146.4 MB.
System memory in use after: 146.6 MB.

Unloading 14 unused Assets to reduce memory usage. Loaded Objects now: 2007.
Total: 3.440400 ms (FindLiveObjects: 0.181000 ms CreateObjectMapping: 0.054500 ms MarkObjects: 3.177100 ms  DeleteObjects: 0.026800 ms)

AssetImportParameters requested are different than current active one (requested -> active):
  custom:framework-win-MediaFoundation: 216162199b28c13a410421893ffa2e32 -> 
  custom:video-decoder-ogg-theora: a1e56fd34408186e4bbccfd4996cb3dc -> 
  custom:container-muxer-webm: aa71ff27fc2769a1b78a27578f13a17b -> 
  custom:container-demuxer-webm: 4f35f7cbe854078d1ac9338744f61a02 -> 
  custom:container-demuxer-ogg: 62fdf1f143b41e24485cea50d1cbac27 -> 
  custom:video-encoder-webm-vp8: eb34c28f22e8b96e1ab97ce403110664 -> 
  custom:video-codec-MediaFoundation-h265: 746d11721c4dcdbdad8f713fa42b33f4 -> 
  custom:video-decoder-webm-vp8: 9c59270c3fd7afecdb556c50c9e8de78 -> 
  custom:audio-decoder-ogg-vorbis: bf7c407c2cedff20999df2af8eb42d56 -> 
  custom:audio-encoder-webm-vorbis: bf7c407c2cedff20999df2af8eb42d56 -> 
========================================================================
Received Prepare
Registering precompiled user dll's ...
Registered in 0.006515 seconds.
Begin MonoManager ReloadAssembly
Native extension for WindowsStandalone target not found
Refreshing native plugins compatible for Editor in 0.62 ms, found 2 plugins.
Preloading 0 native plugins for Editor in 0.00 ms.
Mono: successfully reloaded assembly
- Completed reload, in  1.157 seconds
Domain Reload Profiling:
	ReloadAssembly (1157ms)
		BeginReloadAssembly (137ms)
			ExecutionOrderSort (0ms)
			DisableScriptedObjects (6ms)
			BackupInstance (0ms)
			ReleaseScriptingObjects (0ms)
			CreateAndSetChildDomain (34ms)
		EndReloadAssembly (937ms)
			LoadAssemblies (119ms)
			RebuildTransferFunctionScriptingTraits (0ms)
			SetupTypeCache (333ms)
			ReleaseScriptCaches (1ms)
			RebuildScriptCaches (45ms)
			SetupLoadedEditorAssemblies (332ms)
				LogAssemblyErrors (0ms)
				InitializePlatformSupportModulesInManaged (5ms)
				SetLoadedEditorAssemblies (1ms)
				RefreshPlugins (1ms)
				BeforeProcessingInitializeOnLoad (66ms)
				ProcessInitializeOnLoadAttributes (237ms)
				ProcessInitializeOnLoadMethodAttributes (11ms)
				AfterProcessingInitializeOnLoad (11ms)
				EditorAssembliesLoaded (0ms)
			ExecutionOrderSort2 (0ms)
			AwakeInstancesAfterBackupRestoration (9ms)
Platform modules already initialized, skipping
Refreshing native plugins compatible for Editor in 0.64 ms, found 2 plugins.
Preloading 0 native plugins for Editor in 0.00 ms.
Unloading 1537 Unused Serialized files (Serialized files now loaded: 0)
System memory in use before: 146.5 MB.
System memory in use after: 146.6 MB.

Unloading 14 unused Assets to reduce memory usage. Loaded Objects now: 2009.
Total: 3.673400 ms (FindLiveObjects: 0.195100 ms CreateObjectMapping: 0.057700 ms MarkObjects: 3.396600 ms  DeleteObjects: 0.023000 ms)

AssetImportParameters requested are different than current active one (requested -> active):
  custom:framework-win-MediaFoundation: 216162199b28c13a410421893ffa2e32 -> 
  custom:video-decoder-ogg-theora: a1e56fd34408186e4bbccfd4996cb3dc -> 
  custom:container-muxer-webm: aa71ff27fc2769a1b78a27578f13a17b -> 
  custom:container-demuxer-webm: 4f35f7cbe854078d1ac9338744f61a02 -> 
  custom:container-demuxer-ogg: 62fdf1f143b41e24485cea50d1cbac27 -> 
  custom:video-encoder-webm-vp8: eb34c28f22e8b96e1ab97ce403110664 -> 
  custom:video-codec-MediaFoundation-h265: 746d11721c4dcdbdad8f713fa42b33f4 -> 
  custom:video-decoder-webm-vp8: 9c59270c3fd7afecdb556c50c9e8de78 -> 
  custom:audio-decoder-ogg-vorbis: bf7c407c2cedff20999df2af8eb42d56 -> 
  custom:audio-encoder-webm-vorbis: bf7c407c2cedff20999df2af8eb42d56 -> 
========================================================================
Received Import Request.
  Time since last request: 50.616620 seconds.
  path: Assets/Prefab/Door_Iron_Right.prefab
  artifactKey: Guid(d74c720f3f3d6ce4b939b777bde44b20) Importer(815301076,1909f56bfc062723c751e8b465ee728b)
Start importing Assets/Prefab/Door_Iron_Right.prefab using Guid(d74c720f3f3d6ce4b939b777bde44b20) Importer(815301076,1909f56bfc062723c751e8b465ee728b)  -> (artifact id: '6ba6903dc5644b2a7956f07c53e56a52') in 0.076016 seconds 
  Import took 0.079433 seconds .

========================================================================
Received Import Request.
  Time since last request: 39.893537 seconds.
  path: Assets/Animation/IronDoor
  artifactKey: Guid(8a6c47d8971196b469e7c92002a2c228) Importer(815301076,1909f56bfc062723c751e8b465ee728b)
Start importing Assets/Animation/IronDoor using Guid(8a6c47d8971196b469e7c92002a2c228) Importer(815301076,1909f56bfc062723c751e8b465ee728b)  -> (artifact id: '994416913af558e954aa13a0cf7c4e02') in 0.011044 seconds 
  Import took 0.014401 seconds .

========================================================================
Received Import Request.
  Time since last request: 89.503664 seconds.
  path: Assets/finalprojectbackup.unity
  artifactKey: Guid(2bbc4f33999541244b935ebe04e9e513) Importer(815301076,1909f56bfc062723c751e8b465ee728b)
Start importing Assets/finalprojectbackup.unity using Guid(2bbc4f33999541244b935ebe04e9e513) Importer(815301076,1909f56bfc062723c751e8b465ee728b)  -> (artifact id: '4f369dd4653cfef3676c737c23194fe5') in 0.009897 seconds 
  Import took 0.013532 seconds .

========================================================================
Received Prepare
Registering precompiled user dll's ...
Registered in 0.006543 seconds.
Begin MonoManager ReloadAssembly
Native extension for WindowsStandalone target not found
Refreshing native plugins compatible for Editor in 0.63 ms, found 2 plugins.
Preloading 0 native plugins for Editor in 0.00 ms.
Mono: successfully reloaded assembly
- Completed reload, in  1.165 seconds
Domain Reload Profiling:
	ReloadAssembly (1165ms)
		BeginReloadAssembly (139ms)
			ExecutionOrderSort (0ms)
			DisableScriptedObjects (6ms)
			BackupInstance (0ms)
			ReleaseScriptingObjects (0ms)
			CreateAndSetChildDomain (37ms)
		EndReloadAssembly (941ms)
			LoadAssemblies (120ms)
			RebuildTransferFunctionScriptingTraits (0ms)
			SetupTypeCache (331ms)
			ReleaseScriptCaches (1ms)
			RebuildScriptCaches (44ms)
			SetupLoadedEditorAssemblies (337ms)
				LogAssemblyErrors (0ms)
				InitializePlatformSupportModulesInManaged (5ms)
				SetLoadedEditorAssemblies (1ms)
				RefreshPlugins (1ms)
				BeforeProcessingInitializeOnLoad (66ms)
				ProcessInitializeOnLoadAttributes (240ms)
				ProcessInitializeOnLoadMethodAttributes (12ms)
				AfterProcessingInitializeOnLoad (12ms)
				EditorAssembliesLoaded (0ms)
			ExecutionOrderSort2 (0ms)
			AwakeInstancesAfterBackupRestoration (9ms)
Platform modules already initialized, skipping
Refreshing native plugins compatible for Editor in 0.63 ms, found 2 plugins.
Preloading 0 native plugins for Editor in 0.00 ms.
Unloading 1537 Unused Serialized files (Serialized files now loaded: 0)
System memory in use before: 146.5 MB.
System memory in use after: 146.6 MB.

Unloading 14 unused Assets to reduce memory usage. Loaded Objects now: 2012.
Total: 3.368600 ms (FindLiveObjects: 0.186700 ms CreateObjectMapping: 0.043900 ms MarkObjects: 3.111200 ms  DeleteObjects: 0.025500 ms)

AssetImportParameters requested are different than current active one (requested -> active):
  custom:framework-win-MediaFoundation: 216162199b28c13a410421893ffa2e32 -> 
  custom:video-decoder-ogg-theora: a1e56fd34408186e4bbccfd4996cb3dc -> 
  custom:container-muxer-webm: aa71ff27fc2769a1b78a27578f13a17b -> 
  custom:container-demuxer-webm: 4f35f7cbe854078d1ac9338744f61a02 -> 
  custom:container-demuxer-ogg: 62fdf1f143b41e24485cea50d1cbac27 -> 
  custom:video-encoder-webm-vp8: eb34c28f22e8b96e1ab97ce403110664 -> 
  custom:video-codec-MediaFoundation-h265: 746d11721c4dcdbdad8f713fa42b33f4 -> 
  custom:video-decoder-webm-vp8: 9c59270c3fd7afecdb556c50c9e8de78 -> 
  custom:audio-decoder-ogg-vorbis: bf7c407c2cedff20999df2af8eb42d56 -> 
  custom:audio-encoder-webm-vorbis: bf7c407c2cedff20999df2af8eb42d56 -> 
========================================================================
Received Import Request.
  Time since last request: 53.109065 seconds.
  path: Assets/Prefab/Door_Iron_Right.prefab
  artifactKey: Guid(d74c720f3f3d6ce4b939b777bde44b20) Importer(815301076,1909f56bfc062723c751e8b465ee728b)
Start importing Assets/Prefab/Door_Iron_Right.prefab using Guid(d74c720f3f3d6ce4b939b777bde44b20) Importer(815301076,1909f56bfc062723c751e8b465ee728b)  -> (artifact id: 'e2397746653aa284f20f82694bae4c4b') in 0.075986 seconds 
  Import took 0.079731 seconds .

AssetImportWorkerClient::OnTransportError - code=2 error=End of file
